Build started 1/24/2015 1:20:13 AM.
     1>Project "C:\Users\t3chma\My Programs\Projects\Project-Biomech--Genesis\ProjectBiomech_Genesis\ProjectBiomech_Genesis.vcxproj" on node 2 (Rebuild target(s)).
     1>ClCompile:
         C:\Program Files (x86)\Microsoft Visual Studio 12.0\VC\bin\CL.exe /c /ZI /nologo /W3 /WX- /sdl /Od /Oy- /D _MBCS /Gm /EHsc /RTC1 /MDd /GS /fp:precise /Zc:wchar_t /Zc:forScope /Fo"Debug\\" /Fd"Debug\vc120.pdb" /Gd /TP /analyze- /errorReport:prompt Bullet.cpp Main.cpp Game.cpp
         Game.cpp
     1>c:\users\t3chma\my programs\projects\project-biomech--genesis\projectbiomech_genesis\game.cpp(79): warning C4305: '+=' : truncation from 'double' to 'float'
     1>c:\users\t3chma\my programs\projects\project-biomech--genesis\projectbiomech_genesis\game.cpp(84): warning C4018: '<' : signed/unsigned mismatch
     1>c:\users\t3chma\my programs\projects\project-biomech--genesis\projectbiomech_genesis\game.cpp(142): warning C4244: 'argument' : conversion from 'Sint32' to 'float', possible loss of data
     1>c:\users\t3chma\my programs\projects\project-biomech--genesis\projectbiomech_genesis\game.cpp(265): warning C4018: '<' : signed/unsigned mismatch
         Main.cpp
         Bullet.cpp
         Generating Code...
       Link:
         C:\Program Files (x86)\Microsoft Visual Studio 12.0\VC\bin\link.exe /ERRORREPORT:PROMPT /OUT:"C:\Users\t3chma\My Programs\Projects\Project-Biomech--Genesis\Debug\ProjectBiomech_Genesis.exe" /INCREMENTAL /NOLOGO SDL2.lib SDL2main.lib opengl32.lib glew32.lib Runengine2D.lib kernel32.lib user32.lib gdi32.lib winspool.lib comdlg32.lib advapi32.lib shell32.lib ole32.lib oleaut32.lib uuid.lib odbc32.lib odbccp32.lib /MANIFEST /MANIFESTUAC:"level='asInvoker' uiAccess='false'" /manifest:embed /DEBUG /PDB:"C:\Users\t3chma\My Programs\Projects\Project-Biomech--Genesis\Debug\ProjectBiomech_Genesis.pdb" /SUBSYSTEM:CONSOLE /TLBID:1 /DYNAMICBASE /NXCOMPAT /IMPLIB:"C:\Users\t3chma\My Programs\Projects\Project-Biomech--Genesis\Debug\ProjectBiomech_Genesis.lib" /MACHINE:X86 Debug\Bullet.obj
         Debug\Main.obj
         Debug\Game.obj
     1>MSVCRTD.lib(cinitexe.obj) : warning LNK4098: defaultlib 'msvcrt.lib' conflicts with use of other libs; use /NODEFAULTLIB:library
         ProjectBiomech_Genesis.vcxproj -> C:\Users\t3chma\My Programs\Projects\Project-Biomech--Genesis\Debug\ProjectBiomech_Genesis.exe
     1>Done Building Project "C:\Users\t3chma\My Programs\Projects\Project-Biomech--Genesis\ProjectBiomech_Genesis\ProjectBiomech_Genesis.vcxproj" (Rebuild target(s)).

Build succeeded.

Time Elapsed 00:00:03.47
