c:\users\t3chma\documents\visual studio 2013\projects\projectbiomech_genesis\projectbiomech_genesis\debug\vc120.pdb
c:\users\t3chma\documents\visual studio 2013\projects\projectbiomech_genesis\projectbiomech_genesis\debug\vc120.idb
c:\users\t3chma\documents\visual studio 2013\projects\projectbiomech_genesis\projectbiomech_genesis\debug\main.obj
c:\users\t3chma\documents\visual studio 2013\projects\projectbiomech_genesis\projectbiomech_genesis\debug\game.obj
c:\users\t3chma\documents\visual studio 2013\projects\projectbiomech_genesis\projectbiomech_genesis\debug\bullet.obj
c:\users\t3chma\my programs\projects\projectbiomech_genesis\projectbiomech_genesis\debug\vc120.pdb
c:\users\t3chma\my programs\projects\projectbiomech_genesis\projectbiomech_genesis\debug\vc120.idb
c:\users\t3chma\my programs\projects\projectbiomech_genesis\projectbiomech_genesis\debug\bullet.obj
c:\users\t3chma\my programs\projects\projectbiomech_genesis\projectbiomech_genesis\debug\main.obj
c:\users\t3chma\my programs\projects\projectbiomech_genesis\projectbiomech_genesis\debug\game.obj
c:\users\t3chma\my programs\projects\project-biomech--genesis\projectbiomech_genesis\debug\vc120.pdb
c:\users\t3chma\my programs\projects\project-biomech--genesis\projectbiomech_genesis\debug\vc120.idb
c:\users\t3chma\my programs\projects\project-biomech--genesis\projectbiomech_genesis\debug\bullet.obj
c:\users\t3chma\my programs\projects\project-biomech--genesis\projectbiomech_genesis\debug\main.obj
c:\users\t3chma\my programs\projects\project-biomech--genesis\projectbiomech_genesis\debug\game.obj
c:\users\t3chma\documents\visual studio 2013\projects\projectbiomech_genesis\debug\projectbiomech_genesis.ilk
c:\users\t3chma\documents\visual studio 2013\projects\projectbiomech_genesis\debug\projectbiomech_genesis.exe
c:\users\t3chma\documents\visual studio 2013\projects\projectbiomech_genesis\debug\projectbiomech_genesis.pdb
c:\users\t3chma\my programs\projects\projectbiomech_genesis\debug\projectbiomech_genesis.ilk
c:\users\t3chma\my programs\projects\projectbiomech_genesis\debug\projectbiomech_genesis.exe
c:\users\t3chma\my programs\projects\projectbiomech_genesis\debug\projectbiomech_genesis.pdb
c:\users\t3chma\my programs\projects\project-biomech--genesis\debug\projectbiomech_genesis.ilk
c:\users\t3chma\my programs\projects\project-biomech--genesis\debug\projectbiomech_genesis.exe
c:\users\t3chma\my programs\projects\project-biomech--genesis\debug\projectbiomech_genesis.pdb
c:\users\t3chma\my programs\projects\project-biomech--genesis\projectbiomech_genesis\debug\projectb.644940d8.tlog\cl.command.1.tlog
c:\users\t3chma\my programs\projects\project-biomech--genesis\projectbiomech_genesis\debug\projectb.644940d8.tlog\cl.read.1.tlog
c:\users\t3chma\my programs\projects\project-biomech--genesis\projectbiomech_genesis\debug\projectb.644940d8.tlog\cl.write.1.tlog
c:\users\t3chma\my programs\projects\project-biomech--genesis\projectbiomech_genesis\debug\projectb.644940d8.tlog\link.command.1.tlog
c:\users\t3chma\my programs\projects\project-biomech--genesis\projectbiomech_genesis\debug\projectb.644940d8.tlog\link.read.1.tlog
c:\users\t3chma\my programs\projects\project-biomech--genesis\projectbiomech_genesis\debug\projectb.644940d8.tlog\link.write.1.tlog
