c:\users\t3chma\documents\visual studio 2013\projects\projectbiomech_genesis\runengine2d\debug\vc120.pdb
c:\users\t3chma\documents\visual studio 2013\projects\projectbiomech_genesis\runengine2d\debug\vc120.idb
c:\users\t3chma\documents\visual studio 2013\projects\projectbiomech_genesis\runengine2d\debug\camera2d.obj
c:\users\t3chma\documents\visual studio 2013\projects\projectbiomech_genesis\runengine2d\debug\errors.obj
c:\users\t3chma\documents\visual studio 2013\projects\projectbiomech_genesis\runengine2d\debug\glslprogram.obj
c:\users\t3chma\documents\visual studio 2013\projects\projectbiomech_genesis\runengine2d\debug\imageloader.obj
c:\users\t3chma\documents\visual studio 2013\projects\projectbiomech_genesis\runengine2d\debug\iomanager.obj
c:\users\t3chma\documents\visual studio 2013\projects\projectbiomech_genesis\runengine2d\debug\picopng.obj
c:\users\t3chma\documents\visual studio 2013\projects\projectbiomech_genesis\runengine2d\debug\resourcemanager.obj
c:\users\t3chma\documents\visual studio 2013\projects\projectbiomech_genesis\runengine2d\debug\runengine2d.obj
c:\users\t3chma\documents\visual studio 2013\projects\projectbiomech_genesis\runengine2d\debug\sprite.obj
c:\users\t3chma\documents\visual studio 2013\projects\projectbiomech_genesis\runengine2d\debug\spritebatch.obj
c:\users\t3chma\documents\visual studio 2013\projects\projectbiomech_genesis\runengine2d\debug\texturecache.obj
c:\users\t3chma\documents\visual studio 2013\projects\projectbiomech_genesis\runengine2d\debug\window.obj
c:\users\t3chma\documents\visual studio 2013\projects\projectbiomech_genesis\runengine2d\debug\inputmanager.obj
c:\users\t3chma\documents\visual studio 2013\projects\projectbiomech_genesis\runengine2d\debug\timing.obj
c:\users\t3chma\documents\visual studio 2013\projects\projectbiomech_genesis\debug\runengine2d.lib
c:\users\t3chma\documents\visual studio 2013\projects\projectbiomech_genesis\runengine2d\debug\runengine2d.tlog\cl.command.1.tlog
c:\users\t3chma\documents\visual studio 2013\projects\projectbiomech_genesis\runengine2d\debug\runengine2d.tlog\cl.read.1.tlog
c:\users\t3chma\documents\visual studio 2013\projects\projectbiomech_genesis\runengine2d\debug\runengine2d.tlog\cl.write.1.tlog
c:\users\t3chma\documents\visual studio 2013\projects\projectbiomech_genesis\runengine2d\debug\runengine2d.tlog\lib-link.read.1.tlog
c:\users\t3chma\documents\visual studio 2013\projects\projectbiomech_genesis\runengine2d\debug\runengine2d.tlog\lib-link.write.1.tlog
c:\users\t3chma\documents\visual studio 2013\projects\projectbiomech_genesis\runengine2d\debug\runengine2d.tlog\lib.command.1.tlog
